\BOOKMARK [1][-]{section.1}{Game\040System}{}% 1
\BOOKMARK [2][-]{subsection.1.1}{变身/变装}{section.1}% 2
\BOOKMARK [3][-]{subsubsection.1.1.1}{魔女形态}{subsection.1.1}% 3
\BOOKMARK [3][-]{subsubsection.1.1.2}{妹抖形态}{subsection.1.1}% 4
\BOOKMARK [3][-]{subsubsection.1.1.3}{偶像形态}{subsection.1.1}% 5
\BOOKMARK [3][-]{subsubsection.1.1.4}{泳装/人鱼形态}{subsection.1.1}% 6
\BOOKMARK [3][-]{subsubsection.1.1.5}{公主形态}{subsection.1.1}% 7
\BOOKMARK [3][-]{subsubsection.1.1.6}{礼服形态}{subsection.1.1}% 8
\BOOKMARK [3][-]{subsubsection.1.1.7}{兔子形态}{subsection.1.1}% 9
\BOOKMARK [3][-]{subsubsection.1.1.8}{浴巾形态}{subsection.1.1}% 10
\BOOKMARK [3][-]{subsubsection.1.1.9}{高达形态}{subsection.1.1}% 11
\BOOKMARK [2][-]{subsection.1.2}{道具}{section.1}% 12
\BOOKMARK [3][-]{subsubsection.1.2.1}{回复药}{subsection.1.2}% 13
\BOOKMARK [3][-]{subsubsection.1.2.2}{心}{subsection.1.2}% 14
\BOOKMARK [3][-]{subsubsection.1.2.3}{E罐}{subsection.1.2}% 15
\BOOKMARK [2][-]{subsection.1.3}{二周目特典}{section.1}% 16
\BOOKMARK [3][-]{subsubsection.1.3.1}{多结局}{subsection.1.3}% 17
\BOOKMARK [3][-]{subsubsection.1.3.2}{特别对话}{subsection.1.3}% 18
\BOOKMARK [3][-]{subsubsection.1.3.3}{大女神形态}{subsection.1.3}% 19
\BOOKMARK [3][-]{subsubsection.1.3.4}{收集品提示}{subsection.1.3}% 20
\BOOKMARK [2][-]{subsection.1.4}{存档标记}{section.1}% 21
\BOOKMARK [3][-]{subsubsection.1.4.1}{一周目通关}{subsection.1.4}% 22
\BOOKMARK [3][-]{subsubsection.1.4.2}{二周目特典}{subsection.1.4}% 23
\BOOKMARK [3][-]{subsubsection.1.4.3}{人物状态}{subsection.1.4}% 24
\BOOKMARK [1][-]{section.2}{Procedure}{}% 25
\BOOKMARK [2][-]{subsection.2.1}{HOME}{section.2}% 26
\BOOKMARK [3][-]{subsubsection.2.1.1}{bonus\040game}{subsection.2.1}% 27
\BOOKMARK [3][-]{subsubsection.2.1.2}{bathtub}{subsection.2.1}% 28
\BOOKMARK [3][-]{subsubsection.2.1.3}{save}{subsection.2.1}% 29
\BOOKMARK [3][-]{subsubsection.2.1.4}{broom}{subsection.2.1}% 30
\BOOKMARK [2][-]{subsection.2.2}{CASTLE}{section.2}% 31
\BOOKMARK [3][-]{subsubsection.2.2.1}{birthday\040party}{subsection.2.2}% 32
\BOOKMARK [3][-]{subsubsection.2.2.2}{城堡外}{subsection.2.2}% 33
\BOOKMARK [2][-]{subsection.2.3}{UNDERSEA}{section.2}% 34
\BOOKMARK [2][-]{subsection.2.4}{STADIUM\040A}{section.2}% 35
\BOOKMARK [2][-]{subsection.2.5}{HIGHWAY}{section.2}% 36
\BOOKMARK [2][-]{subsection.2.6}{STADIUM\040B}{section.2}% 37
\BOOKMARK [2][-]{subsection.2.7}{BASE}{section.2}% 38
\BOOKMARK [2][-]{subsection.2.8}{SPACESHIP}{section.2}% 39
\BOOKMARK [3][-]{subsubsection.2.8.1}{空中}{subsection.2.8}% 40
\BOOKMARK [3][-]{subsubsection.2.8.2}{太空}{subsection.2.8}% 41
\BOOKMARK [3][-]{subsubsection.2.8.3}{猫耳族的太空船}{subsection.2.8}% 42
\BOOKMARK [2][-]{subsection.2.9}{NORMAL\040END}{section.2}% 43
\BOOKMARK [2][-]{subsection.2.10}{地狱}{section.2}% 44
