\BOOKMARK [2][-]{subsection.0.1}{Shop}{}% 1
\BOOKMARK [2][-]{subsection.0.2}{12公主}{}% 2
\BOOKMARK [3][-]{subsubsection.0.2.1}{白羊}{subsection.0.2}% 3
\BOOKMARK [3][-]{subsubsection.0.2.2}{金牛}{subsection.0.2}% 4
\BOOKMARK [3][-]{subsubsection.0.2.3}{双子}{subsection.0.2}% 5
\BOOKMARK [3][-]{subsubsection.0.2.4}{巨蟹}{subsection.0.2}% 6
\BOOKMARK [3][-]{subsubsection.0.2.5}{狮子}{subsection.0.2}% 7
\BOOKMARK [3][-]{subsubsection.0.2.6}{处女}{subsection.0.2}% 8
\BOOKMARK [3][-]{subsubsection.0.2.7}{天秤}{subsection.0.2}% 9
\BOOKMARK [3][-]{subsubsection.0.2.8}{天蝎}{subsection.0.2}% 10
\BOOKMARK [3][-]{subsubsection.0.2.9}{射手}{subsection.0.2}% 11
\BOOKMARK [3][-]{subsubsection.0.2.10}{摩羯}{subsection.0.2}% 12
\BOOKMARK [3][-]{subsubsection.0.2.11}{水瓶}{subsection.0.2}% 13
\BOOKMARK [3][-]{subsubsection.0.2.12}{双鱼}{subsection.0.2}% 14
\BOOKMARK [2][-]{subsection.0.3}{伪装成兔耳娘的猫耳娘}{}% 15
\BOOKMARK [3][-]{subsubsection.0.3.1}{回复药}{subsection.0.3}% 16
\BOOKMARK [3][-]{subsubsection.0.3.2}{心}{subsection.0.3}% 17
\BOOKMARK [3][-]{subsubsection.0.3.3}{E罐}{subsection.0.3}% 18
\BOOKMARK [1][-]{section.1}{Procedure}{}% 19
\BOOKMARK [2][-]{subsection.1.1}{CASTLE}{section.1}% 20
\BOOKMARK [3][-]{subsubsection.1.1.1}{birthday\040party}{subsection.1.1}% 21
\BOOKMARK [3][-]{subsubsection.1.1.2}{城堡外}{subsection.1.1}% 22
\BOOKMARK [2][-]{subsection.1.2}{STADIUM\040A}{section.1}% 23
\BOOKMARK [2][-]{subsection.1.3}{HIGHWAY}{section.1}% 24
\BOOKMARK [2][-]{subsection.1.4}{STADIUM\040B}{section.1}% 25
\BOOKMARK [2][-]{subsection.1.5}{ISLAND}{section.1}% 26
\BOOKMARK [2][-]{subsection.1.6}{BASE}{section.1}% 27
\BOOKMARK [2][-]{subsection.1.7}{SPACESHIP}{section.1}% 28
\BOOKMARK [3][-]{subsubsection.1.7.1}{太空}{subsection.1.7}% 29
\BOOKMARK [3][-]{subsubsection.1.7.2}{猫耳族的太空船}{subsection.1.7}% 30
\BOOKMARK [2][-]{subsection.1.8}{NORMAL\040END}{section.1}% 31
\BOOKMARK [2][-]{subsection.1.9}{地狱}{section.1}% 32
